{"C:\\Code\\braian\\codec\\microfrontend-code-challenge-taller-technologies\\src\\components\\AddTodo\\index.tsx": {"path":"C:\\Code\\braian\\codec\\microfrontend-code-challenge-taller-technologies\\src\\components\\AddTodo\\index.tsx","statementMap":{"0":{"start":{"line":8,"column":40},"end":{"line":43,"column":1}},"1":{"start":{"line":9,"column":40},"end":{"line":9,"column":52}},"2":{"start":{"line":10,"column":28},"end":{"line":10,"column":57}},"3":{"start":{"line":12,"column":23},"end":{"line":26,"column":3}},"4":{"start":{"line":13,"column":4},"end":{"line":13,"column":23}},"5":{"start":{"line":14,"column":4},"end":{"line":17,"column":5}},"6":{"start":{"line":15,"column":6},"end":{"line":15,"column":52}},"7":{"start":{"line":16,"column":6},"end":{"line":16,"column":13}},"8":{"start":{"line":18,"column":4},"end":{"line":21,"column":5}},"9":{"start":{"line":19,"column":6},"end":{"line":19,"column":48}},"10":{"start":{"line":20,"column":6},"end":{"line":20,"column":13}},"11":{"start":{"line":23,"column":4},"end":{"line":23,"column":32}},"12":{"start":{"line":24,"column":4},"end":{"line":24,"column":23}},"13":{"start":{"line":25,"column":4},"end":{"line":25,"column":19}},"14":{"start":{"line":28,"column":2},"end":{"line":42,"column":4}},"15":{"start":{"line":33,"column":25},"end":{"line":33,"column":55}}},"fnMap":{"0":{"name":"(anonymous_0)","decl":{"start":{"line":8,"column":40},"end":{"line":8,"column":41}},"loc":{"start":{"line":8,"column":57},"end":{"line":43,"column":1}},"line":8},"1":{"name":"(anonymous_1)","decl":{"start":{"line":12,"column":23},"end":{"line":12,"column":24}},"loc":{"start":{"line":12,"column":47},"end":{"line":26,"column":3}},"line":12},"2":{"name":"(anonymous_2)","decl":{"start":{"line":33,"column":18},"end":{"line":33,"column":19}},"loc":{"start":{"line":33,"column":25},"end":{"line":33,"column":55}},"line":33}},"branchMap":{"0":{"loc":{"start":{"line":14,"column":4},"end":{"line":17,"column":5}},"type":"if","locations":[{"start":{"line":14,"column":4},"end":{"line":17,"column":5}},{"start":{},"end":{}}],"line":14},"1":{"loc":{"start":{"line":18,"column":4},"end":{"line":21,"column":5}},"type":"if","locations":[{"start":{"line":18,"column":4},"end":{"line":21,"column":5}},{"start":{},"end":{}}],"line":18},"2":{"loc":{"start":{"line":40,"column":7},"end":{"line":40,"column":59}},"type":"binary-expr","locations":[{"start":{"line":40,"column":7},"end":{"line":40,"column":12}},{"start":{"line":40,"column":16},"end":{"line":40,"column":59}}],"line":40}},"s":{"0":1,"1":13,"2":13,"3":13,"4":5,"5":5,"6":2,"7":2,"8":3,"9":1,"10":1,"11":2,"12":2,"13":2,"14":13,"15":3},"f":{"0":13,"1":5,"2":3},"b":{"0":[2,3],"1":[1,2],"2":[13,4]},"_coverageSchema":"1a1c01bbd47fc00a2c39e90264f33305004495a9","hash":"77628c10085a7cc09e00af327b539af19175a2a0"}
,"C:\\Code\\braian\\codec\\microfrontend-code-challenge-taller-technologies\\src\\components\\TodoFilter\\index.tsx": {"path":"C:\\Code\\braian\\codec\\microfrontend-code-challenge-taller-technologies\\src\\components\\TodoFilter\\index.tsx","statementMap":{"0":{"start":{"line":9,"column":46},"end":{"line":38,"column":1}},"1":{"start":{"line":10,"column":2},"end":{"line":37,"column":4}},"2":{"start":{"line":13,"column":23},"end":{"line":13,"column":39}},"3":{"start":{"line":21,"column":23},"end":{"line":21,"column":42}},"4":{"start":{"line":29,"column":23},"end":{"line":29,"column":45}}},"fnMap":{"0":{"name":"(anonymous_0)","decl":{"start":{"line":9,"column":46},"end":{"line":9,"column":47}},"loc":{"start":{"line":9,"column":73},"end":{"line":38,"column":1}},"line":9},"1":{"name":"(anonymous_1)","decl":{"start":{"line":13,"column":17},"end":{"line":13,"column":18}},"loc":{"start":{"line":13,"column":23},"end":{"line":13,"column":39}},"line":13},"2":{"name":"(anonymous_2)","decl":{"start":{"line":21,"column":17},"end":{"line":21,"column":18}},"loc":{"start":{"line":21,"column":23},"end":{"line":21,"column":42}},"line":21},"3":{"name":"(anonymous_3)","decl":{"start":{"line":29,"column":17},"end":{"line":29,"column":18}},"loc":{"start":{"line":29,"column":23},"end":{"line":29,"column":45}},"line":29}},"branchMap":{"0":{"loc":{"start":{"line":15,"column":10},"end":{"line":15,"column":47}},"type":"cond-expr","locations":[{"start":{"line":15,"column":29},"end":{"line":15,"column":42}},{"start":{"line":15,"column":45},"end":{"line":15,"column":47}}],"line":15},"1":{"loc":{"start":{"line":23,"column":10},"end":{"line":23,"column":50}},"type":"cond-expr","locations":[{"start":{"line":23,"column":32},"end":{"line":23,"column":45}},{"start":{"line":23,"column":48},"end":{"line":23,"column":50}}],"line":23},"2":{"loc":{"start":{"line":31,"column":10},"end":{"line":31,"column":53}},"type":"cond-expr","locations":[{"start":{"line":31,"column":35},"end":{"line":31,"column":48}},{"start":{"line":31,"column":51},"end":{"line":31,"column":53}}],"line":31}},"s":{"0":1,"1":7,"2":1,"3":1,"4":1},"f":{"0":7,"1":1,"2":1,"3":1},"b":{"0":[5,2],"1":[1,6],"2":[1,6]},"_coverageSchema":"1a1c01bbd47fc00a2c39e90264f33305004495a9","hash":"a81059b6f55681d2fc0c91726dc373376823072b"}
,"C:\\Code\\braian\\codec\\microfrontend-code-challenge-taller-technologies\\src\\components\\TodoItem\\index.tsx": {"path":"C:\\Code\\braian\\codec\\microfrontend-code-challenge-taller-technologies\\src\\components\\TodoItem\\index.tsx","statementMap":{"0":{"start":{"line":13,"column":42},"end":{"line":30,"column":1}},"1":{"start":{"line":14,"column":2},"end":{"line":29,"column":4}},"2":{"start":{"line":19,"column":24},"end":{"line":19,"column":47}}},"fnMap":{"0":{"name":"(anonymous_0)","decl":{"start":{"line":13,"column":42},"end":{"line":13,"column":43}},"loc":{"start":{"line":13,"column":72},"end":{"line":30,"column":1}},"line":13},"1":{"name":"(anonymous_1)","decl":{"start":{"line":19,"column":18},"end":{"line":19,"column":19}},"loc":{"start":{"line":19,"column":24},"end":{"line":19,"column":47}},"line":19}},"branchMap":{"0":{"loc":{"start":{"line":23,"column":10},"end":{"line":23,"column":48}},"type":"cond-expr","locations":[{"start":{"line":23,"column":27},"end":{"line":23,"column":43}},{"start":{"line":23,"column":46},"end":{"line":23,"column":48}}],"line":23}},"s":{"0":2,"1":5,"2":1},"f":{"0":5,"1":1},"b":{"0":[2,3]},"_coverageSchema":"1a1c01bbd47fc00a2c39e90264f33305004495a9","hash":"5ea03512d578965a4b29f5f98eac9f8291014d64"}
,"C:\\Code\\braian\\codec\\microfrontend-code-challenge-taller-technologies\\src\\components\\TodoList\\index.tsx": {"path":"C:\\Code\\braian\\codec\\microfrontend-code-challenge-taller-technologies\\src\\components\\TodoList\\index.tsx","statementMap":{"0":{"start":{"line":16,"column":42},"end":{"line":24,"column":1}},"1":{"start":{"line":17,"column":2},"end":{"line":23,"column":4}},"2":{"start":{"line":20,"column":8},"end":{"line":20,"column":78}}},"fnMap":{"0":{"name":"(anonymous_0)","decl":{"start":{"line":16,"column":42},"end":{"line":16,"column":43}},"loc":{"start":{"line":16,"column":73},"end":{"line":24,"column":1}},"line":16},"1":{"name":"(anonymous_1)","decl":{"start":{"line":19,"column":17},"end":{"line":19,"column":18}},"loc":{"start":{"line":20,"column":8},"end":{"line":20,"column":78}},"line":20}},"branchMap":{},"s":{"0":1,"1":1,"2":2},"f":{"0":1,"1":2},"b":{},"_coverageSchema":"1a1c01bbd47fc00a2c39e90264f33305004495a9","hash":"fe9b639a54b28a759671f63bcc4491a726ea6ed5"}
,"C:\\Code\\braian\\codec\\microfrontend-code-challenge-taller-technologies\\src\\utils\\storageUtils.ts": {"path":"C:\\Code\\braian\\codec\\microfrontend-code-challenge-taller-technologies\\src\\utils\\storageUtils.ts","statementMap":{"0":{"start":{"line":7,"column":28},"end":{"line":7,"column":30}},"1":{"start":{"line":9,"column":32},"end":{"line":18,"column":1}},"2":{"start":{"line":10,"column":2},"end":{"line":17,"column":3}},"3":{"start":{"line":11,"column":20},"end":{"line":11,"column":30}},"4":{"start":{"line":12,"column":4},"end":{"line":12,"column":43}},"5":{"start":{"line":13,"column":4},"end":{"line":13,"column":37}},"6":{"start":{"line":14,"column":4},"end":{"line":14,"column":16}},"7":{"start":{"line":16,"column":4},"end":{"line":16,"column":17}},"8":{"start":{"line":20,"column":34},"end":{"line":29,"column":1}},"9":{"start":{"line":21,"column":2},"end":{"line":28,"column":3}},"10":{"start":{"line":22,"column":20},"end":{"line":22,"column":30}},"11":{"start":{"line":23,"column":4},"end":{"line":23,"column":45}},"12":{"start":{"line":24,"column":4},"end":{"line":24,"column":39}},"13":{"start":{"line":25,"column":4},"end":{"line":25,"column":16}},"14":{"start":{"line":27,"column":4},"end":{"line":27,"column":17}},"15":{"start":{"line":31,"column":18},"end":{"line":36,"column":1}},"16":{"start":{"line":32,"column":15},"end":{"line":32,"column":25}},"17":{"start":{"line":33,"column":2},"end":{"line":33,"column":60}},"18":{"start":{"line":34,"column":18},"end":{"line":34,"column":51}},"19":{"start":{"line":35,"column":2},"end":{"line":35,"column":62}},"20":{"start":{"line":38,"column":18},"end":{"line":47,"column":1}},"21":{"start":{"line":39,"column":17},"end":{"line":39,"column":27}},"22":{"start":{"line":40,"column":13},"end":{"line":40,"column":39}},"23":{"start":{"line":41,"column":2},"end":{"line":45,"column":3}},"24":{"start":{"line":41,"column":15},"end":{"line":41,"column":16}},"25":{"start":{"line":42,"column":12},"end":{"line":42,"column":17}},"26":{"start":{"line":43,"column":4},"end":{"line":43,"column":61}},"27":{"start":{"line":43,"column":32},"end":{"line":43,"column":61}},"28":{"start":{"line":44,"column":4},"end":{"line":44,"column":77}},"29":{"start":{"line":44,"column":33},"end":{"line":44,"column":77}},"30":{"start":{"line":46,"column":2},"end":{"line":46,"column":14}},"31":{"start":{"line":49,"column":28},"end":{"line":51,"column":1}},"32":{"start":{"line":50,"column":2},"end":{"line":50,"column":23}},"33":{"start":{"line":53,"column":26},"end":{"line":55,"column":1}},"34":{"start":{"line":54,"column":2},"end":{"line":54,"column":24}},"35":{"start":{"line":57,"column":29},"end":{"line":60,"column":1}},"36":{"start":{"line":58,"column":16},"end":{"line":58,"column":47}},"37":{"start":{"line":59,"column":2},"end":{"line":59,"column":42}},"38":{"start":{"line":62,"column":27},"end":{"line":64,"column":1}},"39":{"start":{"line":63,"column":2},"end":{"line":63,"column":57}},"40":{"start":{"line":66,"column":25},"end":{"line":80,"column":1}},"41":{"start":{"line":67,"column":2},"end":{"line":79,"column":3}},"42":{"start":{"line":68,"column":18},"end":{"line":68,"column":47}},"43":{"start":{"line":69,"column":4},"end":{"line":69,"column":44}},"44":{"start":{"line":70,"column":9},"end":{"line":79,"column":3}},"45":{"start":{"line":71,"column":4},"end":{"line":71,"column":34}},"46":{"start":{"line":73,"column":18},"end":{"line":73,"column":36}},"47":{"start":{"line":74,"column":4},"end":{"line":78,"column":5}},"48":{"start":{"line":75,"column":6},"end":{"line":75,"column":31}},"49":{"start":{"line":77,"column":6},"end":{"line":77,"column":35}},"50":{"start":{"line":82,"column":25},"end":{"line":91,"column":1}},"51":{"start":{"line":83,"column":2},"end":{"line":90,"column":3}},"52":{"start":{"line":84,"column":4},"end":{"line":84,"column":57}},"53":{"start":{"line":85,"column":9},"end":{"line":90,"column":3}},"54":{"start":{"line":86,"column":4},"end":{"line":86,"column":30}},"55":{"start":{"line":88,"column":4},"end":{"line":88,"column":49}},"56":{"start":{"line":89,"column":4},"end":{"line":89,"column":29}}},"fnMap":{"0":{"name":"(anonymous_0)","decl":{"start":{"line":9,"column":32},"end":{"line":9,"column":33}},"loc":{"start":{"line":9,"column":47},"end":{"line":18,"column":1}},"line":9},"1":{"name":"(anonymous_1)","decl":{"start":{"line":20,"column":34},"end":{"line":20,"column":35}},"loc":{"start":{"line":20,"column":49},"end":{"line":29,"column":1}},"line":20},"2":{"name":"(anonymous_2)","decl":{"start":{"line":31,"column":18},"end":{"line":31,"column":19}},"loc":{"start":{"line":31,"column":71},"end":{"line":36,"column":1}},"line":31},"3":{"name":"(anonymous_3)","decl":{"start":{"line":38,"column":18},"end":{"line":38,"column":19}},"loc":{"start":{"line":38,"column":51},"end":{"line":47,"column":1}},"line":38},"4":{"name":"(anonymous_4)","decl":{"start":{"line":49,"column":28},"end":{"line":49,"column":29}},"loc":{"start":{"line":49,"column":49},"end":{"line":51,"column":1}},"line":49},"5":{"name":"(anonymous_5)","decl":{"start":{"line":53,"column":26},"end":{"line":53,"column":27}},"loc":{"start":{"line":53,"column":51},"end":{"line":55,"column":1}},"line":53},"6":{"name":"(anonymous_6)","decl":{"start":{"line":57,"column":29},"end":{"line":57,"column":30}},"loc":{"start":{"line":57,"column":50},"end":{"line":60,"column":1}},"line":57},"7":{"name":"(anonymous_7)","decl":{"start":{"line":62,"column":27},"end":{"line":62,"column":28}},"loc":{"start":{"line":62,"column":52},"end":{"line":64,"column":1}},"line":62},"8":{"name":"(anonymous_8)","decl":{"start":{"line":66,"column":25},"end":{"line":66,"column":26}},"loc":{"start":{"line":66,"column":46},"end":{"line":80,"column":1}},"line":66},"9":{"name":"(anonymous_9)","decl":{"start":{"line":82,"column":25},"end":{"line":82,"column":26}},"loc":{"start":{"line":82,"column":50},"end":{"line":91,"column":1}},"line":82}},"branchMap":{"0":{"loc":{"start":{"line":44,"column":4},"end":{"line":44,"column":77}},"type":"if","locations":[{"start":{"line":44,"column":4},"end":{"line":44,"column":77}},{"start":{},"end":{}}],"line":44},"1":{"loc":{"start":{"line":59,"column":9},"end":{"line":59,"column":41}},"type":"cond-expr","locations":[{"start":{"line":59,"column":17},"end":{"line":59,"column":34}},{"start":{"line":59,"column":37},"end":{"line":59,"column":41}}],"line":59},"2":{"loc":{"start":{"line":67,"column":2},"end":{"line":79,"column":3}},"type":"if","locations":[{"start":{"line":67,"column":2},"end":{"line":79,"column":3}},{"start":{"line":70,"column":9},"end":{"line":79,"column":3}}],"line":67},"3":{"loc":{"start":{"line":69,"column":11},"end":{"line":69,"column":43}},"type":"cond-expr","locations":[{"start":{"line":69,"column":19},"end":{"line":69,"column":36}},{"start":{"line":69,"column":39},"end":{"line":69,"column":43}}],"line":69},"4":{"loc":{"start":{"line":70,"column":9},"end":{"line":79,"column":3}},"type":"if","locations":[{"start":{"line":70,"column":9},"end":{"line":79,"column":3}},{"start":{"line":72,"column":9},"end":{"line":79,"column":3}}],"line":70},"5":{"loc":{"start":{"line":74,"column":4},"end":{"line":78,"column":5}},"type":"if","locations":[{"start":{"line":74,"column":4},"end":{"line":78,"column":5}},{"start":{"line":76,"column":11},"end":{"line":78,"column":5}}],"line":74},"6":{"loc":{"start":{"line":83,"column":2},"end":{"line":90,"column":3}},"type":"if","locations":[{"start":{"line":83,"column":2},"end":{"line":90,"column":3}},{"start":{"line":85,"column":9},"end":{"line":90,"column":3}}],"line":83},"7":{"loc":{"start":{"line":85,"column":9},"end":{"line":90,"column":3}},"type":"if","locations":[{"start":{"line":85,"column":9},"end":{"line":90,"column":3}},{"start":{"line":87,"column":9},"end":{"line":90,"column":3}}],"line":85}},"s":{"0":1,"1":1,"2":7,"3":7,"4":7,"5":3,"6":3,"7":4,"8":1,"9":4,"10":4,"11":4,"12":0,"13":0,"14":4,"15":1,"16":2,"17":2,"18":2,"19":2,"20":1,"21":2,"22":2,"23":2,"24":2,"25":2,"26":2,"27":0,"28":2,"29":2,"30":0,"31":1,"32":0,"33":1,"34":2,"35":1,"36":0,"37":0,"38":1,"39":0,"40":1,"41":4,"42":2,"43":2,"44":2,"45":0,"46":2,"47":2,"48":2,"49":0,"50":1,"51":3,"52":1,"53":2,"54":0,"55":2,"56":2},"f":{"0":7,"1":4,"2":2,"3":2,"4":0,"5":2,"6":0,"7":0,"8":4,"9":3},"b":{"0":[2,0],"1":[0,0],"2":[2,2],"3":[1,1],"4":[0,2],"5":[2,0],"6":[1,2],"7":[0,2]},"_coverageSchema":"1a1c01bbd47fc00a2c39e90264f33305004495a9","hash":"2a1f07400395a68c17d3cf2176577b1143a27aaa"}
}
