TN:
SF:src\components\AddTodo\index.tsx
FN:8,(anonymous_0)
FN:12,(anonymous_1)
FN:33,(anonymous_2)
FNF:3
FNH:3
FNDA:13,(anonymous_0)
FNDA:5,(anonymous_1)
FNDA:3,(anonymous_2)
DA:8,1
DA:9,13
DA:10,13
DA:12,13
DA:13,5
DA:14,5
DA:15,2
DA:16,2
DA:18,3
DA:19,1
DA:20,1
DA:23,2
DA:24,2
DA:25,2
DA:28,13
DA:33,3
LF:16
LH:16
BRDA:14,0,0,2
BRDA:14,0,1,3
BRDA:18,1,0,1
BRDA:18,1,1,2
BRDA:40,2,0,13
BRDA:40,2,1,4
BRF:6
BRH:6
end_of_record
TN:
SF:src\components\TodoFilter\index.tsx
FN:9,(anonymous_0)
FN:13,(anonymous_1)
FN:21,(anonymous_2)
FN:29,(anonymous_3)
FNF:4
FNH:4
FNDA:7,(anonymous_0)
FNDA:1,(anonymous_1)
FNDA:1,(anonymous_2)
FNDA:1,(anonymous_3)
DA:9,1
DA:10,7
DA:13,1
DA:21,1
DA:29,1
LF:5
LH:5
BRDA:15,0,0,5
BRDA:15,0,1,2
BRDA:23,1,0,1
BRDA:23,1,1,6
BRDA:31,2,0,1
BRDA:31,2,1,6
BRF:6
BRH:6
end_of_record
TN:
SF:src\components\TodoItem\index.tsx
FN:13,(anonymous_0)
FN:19,(anonymous_1)
FNF:2
FNH:2
FNDA:5,(anonymous_0)
FNDA:1,(anonymous_1)
DA:13,2
DA:14,5
DA:19,1
LF:3
LH:3
BRDA:23,0,0,2
BRDA:23,0,1,3
BRF:2
BRH:2
end_of_record
TN:
SF:src\components\TodoList\index.tsx
FN:16,(anonymous_0)
FN:19,(anonymous_1)
FNF:2
FNH:2
FNDA:1,(anonymous_0)
FNDA:2,(anonymous_1)
DA:16,1
DA:17,1
DA:20,2
LF:3
LH:3
BRF:0
BRH:0
end_of_record
TN:
SF:src\utils\storageUtils.ts
FN:9,(anonymous_0)
FN:20,(anonymous_1)
FN:31,(anonymous_2)
FN:38,(anonymous_3)
FN:49,(anonymous_4)
FN:53,(anonymous_5)
FN:57,(anonymous_6)
FN:62,(anonymous_7)
FN:66,(anonymous_8)
FN:82,(anonymous_9)
FNF:10
FNH:7
FNDA:7,(anonymous_0)
FNDA:4,(anonymous_1)
FNDA:2,(anonymous_2)
FNDA:2,(anonymous_3)
FNDA:0,(anonymous_4)
FNDA:2,(anonymous_5)
FNDA:0,(anonymous_6)
FNDA:0,(anonymous_7)
FNDA:4,(anonymous_8)
FNDA:3,(anonymous_9)
DA:7,1
DA:9,1
DA:10,7
DA:11,7
DA:12,7
DA:13,3
DA:14,3
DA:16,4
DA:20,1
DA:21,4
DA:22,4
DA:23,4
DA:24,0
DA:25,0
DA:27,4
DA:31,1
DA:32,2
DA:33,2
DA:34,2
DA:35,2
DA:38,1
DA:39,2
DA:40,2
DA:41,2
DA:42,2
DA:43,2
DA:44,2
DA:46,0
DA:49,1
DA:50,0
DA:53,1
DA:54,2
DA:57,1
DA:58,0
DA:59,0
DA:62,1
DA:63,0
DA:66,1
DA:67,4
DA:68,2
DA:69,2
DA:70,2
DA:71,0
DA:73,2
DA:74,2
DA:75,2
DA:77,0
DA:82,1
DA:83,3
DA:84,1
DA:85,2
DA:86,0
DA:88,2
DA:89,2
LF:54
LH:44
BRDA:44,0,0,2
BRDA:44,0,1,0
BRDA:59,1,0,0
BRDA:59,1,1,0
BRDA:67,2,0,2
BRDA:67,2,1,2
BRDA:69,3,0,1
BRDA:69,3,1,1
BRDA:70,4,0,0
BRDA:70,4,1,2
BRDA:74,5,0,2
BRDA:74,5,1,0
BRDA:83,6,0,1
BRDA:83,6,1,2
BRDA:85,7,0,0
BRDA:85,7,1,2
BRF:16
BRH:10
end_of_record
